<?xml version="1.0" encoding="UTF-8"?>
<testsuite name="com.airbnb.scheduler.jobs.JobSchedulerSpec" time="5.729" tests="15" errors="0" skipped="0" failures="0">
  <properties>
    <property name="java.runtime.name" value="OpenJDK Runtime Environment"/>
    <property name="sun.boot.library.path" value="/usr/lib/jvm/java-1.7.0-openjdk-1.7.0.51.x86_64/jre/lib/amd64"/>
    <property name="java.vm.version" value="24.45-b08"/>
    <property name="java.vm.vendor" value="Oracle Corporation"/>
    <property name="java.vendor.url" value="http://java.oracle.com/"/>
    <property name="path.separator" value=":"/>
    <property name="guice.disable.misplaced.annotation.check" value="true"/>
    <property name="java.vm.name" value="OpenJDK 64-Bit Server VM"/>
    <property name="file.encoding.pkg" value="sun.io"/>
    <property name="user.country" value="US"/>
    <property name="sun.java.launcher" value="SUN_STANDARD"/>
    <property name="sun.os.patch.level" value="unknown"/>
    <property name="java.vm.specification.name" value="Java Virtual Machine Specification"/>
    <property name="user.dir" value="/home/ec2-user/social/chronos"/>
    <property name="java.runtime.version" value="1.7.0_51-mockbuild_2014_01_15_06_32-b00"/>
    <property name="java.awt.graphicsenv" value="sun.awt.X11GraphicsEnvironment"/>
    <property name="java.endorsed.dirs" value="/usr/lib/jvm/java-1.7.0-openjdk-1.7.0.51.x86_64/jre/lib/endorsed"/>
    <property name="os.arch" value="amd64"/>
    <property name="java.io.tmpdir" value="/tmp"/>
    <property name="line.separator" value="&#10;"/>
    <property name="java.vm.specification.vendor" value="Oracle Corporation"/>
    <property name="os.name" value="Linux"/>
    <property name="classworlds.conf" value="/usr/local/maven/bin/m2.conf"/>
    <property name="sun.jnu.encoding" value="UTF-8"/>
    <property name="java.library.path" value="/usr/java/packages/lib/amd64:/usr/lib64:/lib64:/lib:/usr/lib"/>
    <property name="java.specification.name" value="Java Platform API Specification"/>
    <property name="java.class.version" value="51.0"/>
    <property name="sun.management.compiler" value="HotSpot 64-Bit Tiered Compilers"/>
    <property name="os.version" value="3.4.83-70.111.amzn1.x86_64"/>
    <property name="user.home" value="/home/ec2-user"/>
    <property name="user.timezone" value="Universal"/>
    <property name="java.awt.printerjob" value="sun.print.PSPrinterJob"/>
    <property name="file.encoding" value="UTF-8"/>
    <property name="java.specification.version" value="1.7"/>
    <property name="user.name" value="ec2-user"/>
    <property name="java.class.path" value="/usr/local/maven/boot/plexus-classworlds-2.5.1.jar"/>
    <property name="org.slf4j.simpleLogger.defaultLogLevel" value="info"/>
    <property name="java.vm.specification.version" value="1.7"/>
    <property name="sun.arch.data.model" value="64"/>
    <property name="java.home" value="/usr/lib/jvm/java-1.7.0-openjdk-1.7.0.51.x86_64/jre"/>
    <property name="sun.java.command" value="org.codehaus.plexus.classworlds.launcher.Launcher package"/>
    <property name="java.specification.vendor" value="Oracle Corporation"/>
    <property name="user.language" value="en"/>
    <property name="awt.toolkit" value="sun.awt.X11.XToolkit"/>
    <property name="java.vm.info" value="mixed mode"/>
    <property name="java.version" value="1.7.0_51"/>
    <property name="java.ext.dirs" value="/usr/lib/jvm/java-1.7.0-openjdk-1.7.0.51.x86_64/jre/lib/ext:/usr/java/packages/lib/ext"/>
    <property name="securerandom.source" value="file:/dev/./urandom"/>
    <property name="sun.boot.class.path" value="/usr/lib/jvm/java-1.7.0-openjdk-1.7.0.51.x86_64/jre/lib/resources.jar:/usr/lib/jvm/java-1.7.0-openjdk-1.7.0.51.x86_64/jre/lib/rt.jar:/usr/lib/jvm/java-1.7.0-openjdk-1.7.0.51.x86_64/jre/lib/sunrsasign.jar:/usr/lib/jvm/java-1.7.0-openjdk-1.7.0.51.x86_64/jre/lib/jsse.jar:/usr/lib/jvm/java-1.7.0-openjdk-1.7.0.51.x86_64/jre/lib/jce.jar:/usr/lib/jvm/java-1.7.0-openjdk-1.7.0.51.x86_64/jre/lib/charsets.jar:/usr/lib/jvm/java-1.7.0-openjdk-1.7.0.51.x86_64/jre/lib/netx.jar:/usr/lib/jvm/java-1.7.0-openjdk-1.7.0.51.x86_64/jre/lib/plugin.jar:/usr/lib/jvm/java-1.7.0-openjdk-1.7.0.51.x86_64/jre/lib/rhino.jar:/usr/lib/jvm/java-1.7.0-openjdk-1.7.0.51.x86_64/jre/lib/jfr.jar:/usr/lib/jvm/java-1.7.0-openjdk-1.7.0.51.x86_64/jre/classes"/>
    <property name="java.vendor" value="Oracle Corporation"/>
    <property name="maven.home" value="/usr/local/maven"/>
    <property name="file.separator" value="/"/>
    <property name="java.vendor.url.bug" value="http://bugreport.sun.com/bugreport/"/>
    <property name="sun.cpu.endian" value="little"/>
    <property name="sun.io.unicode.encoding" value="UnicodeLittle"/>
    <property name="sun.cpu.isalist" value=""/>
  </properties>
  <testcase name="JobScheduler should::Get an empty stream if no-op schedule is given" classname="com.airbnb.scheduler.jobs.JobSchedulerSpec" time="0.038"/>
  <testcase name="JobScheduler should::Ignore a task that has been due past epsilon" classname="com.airbnb.scheduler.jobs.JobSchedulerSpec" time="0.002"/>
  <testcase name="JobScheduler should::Old schedule stream is removed" classname="com.airbnb.scheduler.jobs.JobSchedulerSpec" time="0.006"/>
  <testcase name="JobScheduler should::Construct a task for a given time when the schedule is within epsilon" classname="com.airbnb.scheduler.jobs.JobSchedulerSpec" time="0.003"/>
  <testcase name="JobScheduler should::Future task beyond time-horizon should not be scheduled" classname="com.airbnb.scheduler.jobs.JobSchedulerSpec" time="0.002"/>
  <testcase name="JobScheduler should::Job scheduler sans streams is empty" classname="com.airbnb.scheduler.jobs.JobSchedulerSpec" time="0.007"/>
  <testcase name="JobScheduler should::Infinite task must be scheduled" classname="com.airbnb.scheduler.jobs.JobSchedulerSpec" time="0.044"/>
  <testcase name="JobScheduler should::Old schedule streams are removed but newer ones are kept" classname="com.airbnb.scheduler.jobs.JobSchedulerSpec" time="0.064"/>
  <testcase name="Removing tasks must also remove the streams" classname="com.airbnb.scheduler.jobs.JobSchedulerSpec" time="0.043"/>
  <testcase name="Removing a dependency of another job throws an exception without the force method" classname="com.airbnb.scheduler.jobs.JobSchedulerSpec" time="0.077"/>
  <testcase name="Recursive removing of jobs works" classname="com.airbnb.scheduler.jobs.JobSchedulerSpec" time="0.054"/>
  <testcase name="Missed executions have to be skipped" classname="com.airbnb.scheduler.jobs.JobSchedulerSpec" time="0.05"/>
  <testcase name="Removing a dependency of another job removes the parent properly from the list of parents" classname="com.airbnb.scheduler.jobs.JobSchedulerSpec" time="0.149"/>
  <testcase name="JobScheduler should::Multiple tasks must be scheduled if they&apos;re within epsilon and before time-horizon" classname="com.airbnb.scheduler.jobs.JobSchedulerSpec" time="0.373"/>
  <testcase name="Job scheduler persists job state after runs" classname="com.airbnb.scheduler.jobs.JobSchedulerSpec" time="4.817"/>
</testsuite>